<?xml version="1.0" encoding="UTF-8"?>
<!-- Generated by org.testng.reporters.JUnitXMLReporter -->
<testsuite ignored="0" hostname="Arvind-Thirumurugaiya" failures="1" tests="7" name="Test" time="37.49" errors="0" timestamp="01 Sep 2023 12:20:32 GMT">
  <testcase classname="org.QA.TestNG.Test_UI.TC1_Three_Slider_Only" name="Three_Slider_Only" time="7.91">
    <skipped/>
  </testcase> <!-- Three_Slider_Only -->
  <testcase classname="org.QA.TestNG.Test_UI.TC1_Three_Slider_Only" name="Three_Slider_Only" time="5.65">
    <skipped/>
  </testcase> <!-- Three_Slider_Only -->
  <testcase classname="org.QA.TestNG.Test_UI.TC1_Three_Slider_Only" name="Three_Slider_Only" time="4.07">
    <skipped/>
  </testcase> <!-- Three_Slider_Only -->
  <testcase classname="org.QA.TestNG.Test_UI.TC1_Three_Slider_Only" name="Three_Slider_Only" time="3.921">
    <skipped/>
  </testcase> <!-- Three_Slider_Only -->
  <testcase classname="org.QA.TestNG.Test_UI.TC1_Three_Slider_Only" name="Three_Slider_Only" time="4.904">
    <skipped/>
  </testcase> <!-- Three_Slider_Only -->
  <testcase classname="org.QA.TestNG.Test_UI.TC1_Three_Slider_Only" name="Three_Slider_Only" time="4.42">
    <skipped/>
  </testcase> <!-- Three_Slider_Only -->
  <testcase classname="org.QA.TestNG.Test_UI.TC1_Three_Slider_Only" name="Three_Slider_Only" time="6.59">
    <failure type="org.openqa.selenium.ElementClickInterceptedException" message="element click intercepted: Element &amp;lt;a href=&amp;quot;https://practice.automationtesting.in/shop/&amp;quot;&amp;gt;...&amp;lt;/a&amp;gt; is not clickable at point (1406, 35). Other element would receive the click: &amp;lt;iframe id=&amp;quot;aswift_6&amp;quot; name=&amp;quot;aswift_6&amp;quot; style=&amp;quot;width: 100vw !important; height: 100vh !important; inset: 0px auto auto 0px !important; position: absolute !important; clear: none !important; display: inline !important; float: none !important; margin: 0px !important; max-height: none !important; max-width: none !important; opacity: 1 !important; overflow: visible !important; padding: 0px !important; vertical-align: baseline !important; visibility: visible !important; z-index: auto !important;&amp;quot; sandbox=&amp;quot;allow-forms allow-popups allow-popups-to-escape-sandbox allow-same-origin allow-scripts allow-top-navigation-by-user-activation&amp;quot; width=&amp;quot;&amp;quot; height=&amp;quot;&amp;quot; frameborder=&amp;quot;0&amp;quot; marginwidth=&amp;quot;0&amp;quot; marginheight=&amp;quot;0&amp;quot; vspace=&amp;quot;0&amp;quot; hspace=&amp;quot;0&amp;quot; allowtransparency=&amp;quot;true&amp;quot; scrolling=&amp;quot;no&amp;quot; src=&amp;quot;https://googleads.g.doubleclick.net/pagead/html/r20230830/r20110914/zrt_lookup.html?fsb=1#RS-0-&amp;amp;amp;adk=1812271808&amp;amp;amp;client=ca-pub-9173866185064071&amp;amp;amp;fa=8&amp;amp;amp;ifi=7&amp;amp;amp;uci=a!7&amp;amp;amp;xpc=VXWepynLBr&amp;amp;amp;p=https%3A//practice.automationtesting.in&amp;quot; data-google-container-id=&amp;quot;a!7&amp;quot; data-google-query-id=&amp;quot;CLb6_fGyiYEDFTpVDwIdy_4K_w&amp;quot; data-load-complete=&amp;quot;true&amp;quot;&amp;gt;&amp;lt;/iframe&amp;gt;
  (Session info: chrome=116.0.5845.141)
Build info: version: &amp;apos;4.11.0&amp;apos;, revision: &amp;apos;040bc5406b&amp;apos;
System info: os.name: &amp;apos;Windows 10&amp;apos;, os.arch: &amp;apos;amd64&amp;apos;, os.version: &amp;apos;10.0&amp;apos;, java.version: &amp;apos;11.0.19&amp;apos;
Driver info: org.openqa.selenium.chrome.ChromeDriver
Command: [04c0e1c619c3f15029e2b6b8c6e9efe9, clickElement {id=ECDCE964BED5B5044155E1D7866F497E_element_182}]
Capabilities {acceptInsecureCerts: false, browserName: chrome, browserVersion: 116.0.5845.141, chrome: {chromedriverVersion: 116.0.5845.96 (1a3918166880..., userDataDir: C:\Users\arvin\AppData\Loca...}, fedcm:accounts: true, goog:chromeOptions: {debuggerAddress: localhost:51399}, networkConnectionEnabled: false, pageLoadStrategy: normal, platformName: windows, proxy: Proxy(), se:cdp: ws://localhost:51399/devtoo..., se:cdpVersion: 116.0.5845.141, setWindowRect: true, strictFileInteractability: false, timeouts: {implicit: 0, pageLoad: 300000, script: 30000}, unhandledPromptBehavior: dismiss and notify, webauthn:extension:credBlob: true, webauthn:extension:largeBlob: true, webauthn:extension:minPinLength: true, webauthn:extension:prf: true, webauthn:virtualAuthenticators: true}
Element: [[ChromeDriver: chrome on windows (04c0e1c619c3f15029e2b6b8c6e9efe9)] -&amp;gt; xpath: //a[contains(.,&amp;apos;Shop&amp;apos;)]]
Session ID: 04c0e1c619c3f15029e2b6b8c6e9efe9">
      <![CDATA[org.openqa.selenium.ElementClickInterceptedException: element click intercepted: Element <a href="https://practice.automationtesting.in/shop/">...</a> is not clickable at point (1406, 35). Other element would receive the click: <iframe id="aswift_6" name="aswift_6" style="width: 100vw !important; height: 100vh !important; inset: 0px auto auto 0px !important; position: absolute !important; clear: none !important; display: inline !important; float: none !important; margin: 0px !important; max-height: none !important; max-width: none !important; opacity: 1 !important; overflow: visible !important; padding: 0px !important; vertical-align: baseline !important; visibility: visible !important; z-index: auto !important;" sandbox="allow-forms allow-popups allow-popups-to-escape-sandbox allow-same-origin allow-scripts allow-top-navigation-by-user-activation" width="" height="" frameborder="0" marginwidth="0" marginheight="0" vspace="0" hspace="0" allowtransparency="true" scrolling="no" src="https://googleads.g.doubleclick.net/pagead/html/r20230830/r20110914/zrt_lookup.html?fsb=1#RS-0-&amp;adk=1812271808&amp;client=ca-pub-9173866185064071&amp;fa=8&amp;ifi=7&amp;uci=a!7&amp;xpc=VXWepynLBr&amp;p=https%3A//practice.automationtesting.in" data-google-container-id="a!7" data-google-query-id="CLb6_fGyiYEDFTpVDwIdy_4K_w" data-load-complete="true"></iframe>
  (Session info: chrome=116.0.5845.141)
Build info: version: '4.11.0', revision: '040bc5406b'
System info: os.name: 'Windows 10', os.arch: 'amd64', os.version: '10.0', java.version: '11.0.19'
Driver info: org.openqa.selenium.chrome.ChromeDriver
Command: [04c0e1c619c3f15029e2b6b8c6e9efe9, clickElement {id=ECDCE964BED5B5044155E1D7866F497E_element_182}]
Capabilities {acceptInsecureCerts: false, browserName: chrome, browserVersion: 116.0.5845.141, chrome: {chromedriverVersion: 116.0.5845.96 (1a3918166880..., userDataDir: C:\Users\arvin\AppData\Loca...}, fedcm:accounts: true, goog:chromeOptions: {debuggerAddress: localhost:51399}, networkConnectionEnabled: false, pageLoadStrategy: normal, platformName: windows, proxy: Proxy(), se:cdp: ws://localhost:51399/devtoo..., se:cdpVersion: 116.0.5845.141, setWindowRect: true, strictFileInteractability: false, timeouts: {implicit: 0, pageLoad: 300000, script: 30000}, unhandledPromptBehavior: dismiss and notify, webauthn:extension:credBlob: true, webauthn:extension:largeBlob: true, webauthn:extension:minPinLength: true, webauthn:extension:prf: true, webauthn:virtualAuthenticators: true}
Element: [[ChromeDriver: chrome on windows (04c0e1c619c3f15029e2b6b8c6e9efe9)] -> xpath: //a[contains(.,'Shop')]]
Session ID: 04c0e1c619c3f15029e2b6b8c6e9efe9
at org.openqa.selenium.remote.codec.w3c.W3CHttpResponseCodec.createException(W3CHttpResponseCodec.java:200)
at org.openqa.selenium.remote.codec.w3c.W3CHttpResponseCodec.decode(W3CHttpResponseCodec.java:133)
at org.openqa.selenium.remote.codec.w3c.W3CHttpResponseCodec.decode(W3CHttpResponseCodec.java:52)
at org.openqa.selenium.remote.HttpCommandExecutor.execute(HttpCommandExecutor.java:191)
at org.openqa.selenium.remote.service.DriverCommandExecutor.invokeExecute(DriverCommandExecutor.java:196)
at org.openqa.selenium.remote.service.DriverCommandExecutor.execute(DriverCommandExecutor.java:171)
at org.openqa.selenium.remote.RemoteWebDriver.execute(RemoteWebDriver.java:518)
at org.openqa.selenium.remote.RemoteWebElement.execute(RemoteWebElement.java:224)
at org.openqa.selenium.remote.RemoteWebElement.click(RemoteWebElement.java:77)
at org.openqa.selenium.support.pagefactory.internal.LocatingElementHandler.invoke(LocatingElementHandler.java:51)
at com.sun.proxy.$Proxy17.click(Unknown Source)
at org.QA.FunctionUI.HomePageUI.goToHomeMenu(HomePageUI.java:21)
at org.QA.TestNG.Test_UI.TC1_Three_Slider_Only.Three_Slider_Only(TC1_Three_Slider_Only.java:19)
... Removed 33 stack frames]]>
    </failure>
  </testcase> <!-- Three_Slider_Only -->
</testsuite> <!-- Test -->
